Vhf-vNRYQEg.mp4	55	57	279487.mp4	5	7
R_TRpIHkgMs.mp4	62	64	113870.mp4	3	5
O9phka35v6I.mp4	60	62	211837.mp4	5	7
B_PhHrBEeNI.mp4	118	120	100378.mp4	0	2
DYwF_1xX4dU.mp4	154	156	116972.mp4	3	5
DYwF_1xX4dU.mp4	96	98	182754.mp4	7	9
ZefWc2tgltY.mp4	12	14	182754.mp4	5	7
WN5EWPfDbog.mp4	3	5	285299.mp4	2	4
Sjx7K9Ybx9Q.mp4	8	10	253572.mp4	7	9
4yZ1agUX004.mp4	89	91	44804.mp4	4	6
dFsFL_WJasg.mp4	19	21	352432.mp4	5	7
fKDl_CnA8nY.mp4	71	73	370322.mp4	8	10
IEtCboPbTXI.mp4	60	62	158392.mp4	7	9
WJfMz7joX4s.mp4	54	56	284881.mp4	8	10
5rVXCKLihyg.mp4	56	58	51761.mp4	3	5
0RIc6mwDRaQ.mp4	51	53	10704.mp4	7	9
akwJwcvfjLA.mp4	19	21	117949.mp4	6	8
DepG0r3JiV4.mp4	21	23	117949.mp4	8	10
SipyRTPgdfY.mp4	14	16	253420.mp4	1	3
30Yk_1Yc7Vk.mp4	18	20	30039.mp4	7	9
C_2EFIuyDSA.mp4	33	35	108685.mp4	4	6
vGKdr_au240.mp4	32	34	232679.mp4	8	10
K6Tm5xHkJ5c.mp4	50	52	169949.mp4	0	2
K6Tm5xHkJ5c.mp4	50	52	126681.mp4	0	2
ZU4Mgdd3omA.mp4	9	11	311294.mp4	7	9
LkUnT9fMIXc.mp4	17	19	189845.mp4	7	9
QhiKgeJV3k0.mp4	82	84	182473.mp4	1	3
Vnj0j648Emw.mp4	8	10	280300.mp4	8	10
DYwF_1xX4dU.mp4	158	160	266879.mp4	0	2
0KqeKi2CBqg.mp4	53	55	9962.mp4	2	4
bH-S32gOlCA.mp4	182	184	335622.mp4	8	10
-MB6Wxglgzw.mp4	8	10	2718.mp4	3	5
Yk3pQ18So90.mp4	135	137	305102.mp4	6	8
KyrDumISv4A.mp4	4	6	182466.mp4	0	2
dAiqJJKezPE.mp4	26	28	351684.mp4	2	4
f6j6lb0AaxM.mp4	52	54	368130.mp4	8	10
krFle3KU4Ts.mp4	25	27	100084.mp4	4	6
eRN5gqZFXHI.mp4	141	143	362393.mp4	1	3
L963epA4MFU.mp4	20	22	184380.mp4	3	5
AZn294ubbps.mp4	92	94	91806.mp4	2	4
cz2ESqP3PDk.mp4	12	14	349733.mp4	4	6
CFBmZ1g16H8.mp4	85	87	106248.mp4	8	10
e4XYZAs7tcs.mp4	6	8	358985.mp4	1	3
3-_Eld2NwJ0.mp4	32	34	29908.mp4	4	6
szl1InYab_k.mp4	16	18	175633.mp4	6	8
IqRN2sOQ7Mo.mp4	109	111	163669.mp4	6	8
1VBg21aaiKM.mp4	73	75	18739.mp4	3	5
Tc0nHNkf0KM.mp4	5	7	261120.mp4	3	5
A8NAj6NQ5vM.mp4	4	6	88267.mp4	3	5
PoamN_DEInI.mp4	15	17	226993.mp4	8	10
1RVu0qNtWCc.mp4	128	130	18339.mp4	2	4
Khxa5Ey3udM.mp4	88	90	180367.mp4	5	7
6O5UcjQMwoQ.mp4	15	17	55932.mp4	1	3
W8ayZca_fAY.mp4	123	125	283182.mp4	2	4
HsGz6S2MBU4.mp4	6	8	154949.mp4	3	5
DjT4-5H3xDQ.mp4	32	34	118636.mp4	5	7
bY-4XBIGiwI.mp4	89	91	337759.mp4	0	2
3L0MnbQkLWM.mp4	77	79	32584.mp4	1	3
WuO75Sb0Kgg.mp4	59	61	289498.mp4	6	8
IK9kE9IrcOM.mp4	40	42	159183.mp4	5	7
JFBd-R1YuXY.mp4	80	82	167515.mp4	5	7
fJCkM6secVM.mp4	184	186	370184.mp4	8	10
QCeGGnd4QB0.mp4	13	15	230689.mp4	5	7
b4DhjwkO-b4.mp4	4	6	333773.mp4	2	4
RF0ChBe9HHI.mp4	72	74	328083.mp4	1	3
-DGsqL65o4k.mp4	33	35	292419.mp4	0	2
YNnyUVFE4uM.mp4	48	50	302215.mp4	3	5
djpr7UMlnSw.mp4	11	13	356242.mp4	7	9
5ayMRPi7Lg4.mp4	9	11	49720.mp4	1	3
D0RDF1ez-8Y.mp4	85	87	112204.mp4	5	7
YYmx8EHIjAE.mp4	34	36	303364.mp4	1	3
altXks0a0qY.mp4	0	2	331251.mp4	0	2
NWaMWZUuTZc.mp4	28	30	205833.mp4	8	10
8Da6w-Eg3Ko.mp4	224	226	71177.mp4	7	9
QDTo_ss6INM.mp4	86	88	230816.mp4	0	2
KBMvitQaXzE.mp4	20	22	175760.mp4	5	7
fCLnOf-YjEI.mp4	45	47	369146.mp4	4	6
KfzVxgHEyzI.mp4	10	12	180065.mp4	2	4
RihO8i98QJg.mp4	145	147	244315.mp4	8	10
G8dCenteoT0.mp4	12	14	139549.mp4	4	6
J1fcLhB-Slg.mp4	5	7	165163.mp4	0	2
Pt5jMqQXTZ8.mp4	8	10	227528.mp4	7	9
-MldnTjJ-zE.mp4	165	167	2787.mp4	2	4
ruNII4WvE3k.mp4	16	18	267602.mp4	4	6
ZYcZZJ0XItM.mp4	99	101	311754.mp4	1	3
xIhTY02lRSE.mp4	31	33	177763.mp4	6	8
DAv8CEings8.mp4	30	32	113866.mp4	6	8
IHpBwsyMT9Q.mp4	38	40	158829.mp4	3	5
NBXH7A2EO7Q.mp4	75	77	202966.mp4	1	3
5j5_YV25cFA.mp4	33	35	50785.mp4	0	2
7xpkFhlxo2Q.mp4	60	62	68821.mp4	5	7
7AsHuXeoSpA.mp4	12	14	62423.mp4	8	10
MaJlWFemO68.mp4	9	11	197428.mp4	2	4
ewGW8hMlxnA.mp4	72	74	366443.mp4	8	10
j5mhELw7XaM.mp4	48	50	59499.mp4	7	9
bb9AIdvKkZU.mp4	21	23	338270.mp4	0	2
P3_YQbHXEIs.mp4	62	64	219869.mp4	5	7
_KOVk8iGbrA.mp4	148	150	318473.mp4	6	8
a74RMGL_c8E.mp4	7	9	325692.mp4	7	9
6WQSZekz8vQ.mp4	47	49	56989.mp4	3	5
VFqkLp5mzBM.mp4	45	47	275812.mp4	7	9
U6-j4rUn3dk.mp4	148	150	265429.mp4	6	8
69X7tP6p7E0.mp4	62	64	111815.mp4	0	2
XjV0D7nJx0Q.mp4	14	16	296679.mp4	6	8
YTuQrhSKkNE.mp4	74	76	302883.mp4	0	2
EHianByJXXM.mp4	8	10	123523.mp4	8	10
MVxXCu4zxSM.mp4	75	77	196773.mp4	4	6
B5Ea3Bs8hC4.mp4	14	16	96269.mp4	1	3
JSqJmZPqDy8.mp4	6	8	169302.mp4	4	6
c1tbdVxIhH4.mp4	29	31	342009.mp4	3	5
9JrRZ9i1sXo.mp4	14	16	80952.mp4	2	4
aBdrTqSnWbw.mp4	14	16	21022.mp4	4	6
U1nvAxorOPQ.mp4	80	82	264745.mp4	8	10
7QxUtHqQdbY.mp4	10	12	64564.mp4	4	6
WRc1Jv1j3nk.mp4	23	25	251593.mp4	5	7
5Wp2dxIAocI.mp4	136	138	49129.mp4	8	10
1fbU_MkV7NE.mp4	76	78	19977.mp4	2	4
39dTxOhrW68.mp4	26	28	31261.mp4	0	2
EQajiMQAW74.mp4	36	38	124759.mp4	6	8
PLnfT1PoVHw.mp4	87	89	222936.mp4	0	2
fKDl_CnA8nY.mp4	5	7	137092.mp4	1	3
6HmKyms-U2s.mp4	52	54	55127.mp4	3	5
eVTMUEYhwDE.mp4	6	8	362863.mp4	3	5
cEVHZc_uT7c.mp4	106	108	343998.mp4	7	9
6Y8wppTQFPo.mp4	66	68	57208.mp4	3	5
F3FjEM9ls0o.mp4	5	7	129992.mp4	5	7
O62LVI0XNHo.mp4	18	20	211168.mp4	3	5
eU27exUJZSM.mp4	4	6	362711.mp4	4	6
K5v9-h2S5pw.mp4	128	130	174810.mp4	5	7
9RAW6QibWRs.mp4	14	16	81928.mp4	6	8
GG_Bi89pNlg.mp4	6	8	140862.mp4	1	3
aPEqCGdCsp0.mp4	206	208	328049.mp4	4	6
LZC9MLWo9bE.mp4	61	63	188044.mp4	5	7
OsrRpGbIpKA.mp4	78	80	218222.mp4	3	5
4R37E4Kevs4.mp4	16	18	40876.mp4	3	5
PUWg7fXnCf0.mp4	9	11	224030.mp4	2	4
AUPs7Ukfc1I.mp4	12	14	91137.mp4	1	3
K0MzjnMzbj4.mp4	6	8	370746.mp4	4	6
7LimgSQsHm0.mp4	71	73	63846.mp4	5	7
5QS_VBDwKzw.mp4	27	29	48406.mp4	5	7
D_y9uXMbImA.mp4	27	29	117180.mp4	8	10
7FPvAakfM9Y.mp4	40	42	63012.mp4	7	9
vJiOYQE9tts.mp4	88	90	321088.mp4	3	5
21biKVGaY1Y.mp4	20	22	22613.mp4	2	4
fPtKNj6jCPU.mp4	43	45	371015.mp4	3	5
BLamvR0GIE8.mp4	7	9	98640.mp4	3	5
PKYg6_rs3LQ.mp4	16	18	222730.mp4	1	3
K_IqYFJKIgk.mp4	44	46	178997.mp4	1	3
DTWZhe352y8.mp4	112	114	116264.mp4	5	7
-E2dqOULQgY.mp4	65	67	1819.mp4	5	7
Ieb7EkMxpJk.mp4	17	19	162058.mp4	1	3
dRqbDamDLT0.mp4	176	178	353931.mp4	0	2
Upd7zpT6tuc.mp4	151	153	271871.mp4	8	10
ByF8Pg3xXNA.mp4	2	4	103619.mp4	2	4
5ssP_EapV9Q.mp4	99	101	51944.mp4	3	5
6LWkrN1qz8E.mp4	129	131	55630.mp4	8	10
ZefWc2tgltY.mp4	68	70	266879.mp4	0	2
ivkF2jbavhc.mp4	41	43	183674.mp4	1	3
rFTVKkMqpIQ.mp4	40	42	34077.mp4	1	3
ND9mMyNjm5M.mp4	29	31	203195.mp4	4	6
5BbHu0WQZqw.mp4	26	28	46550.mp4	0	2
7s7YqryNMAE.mp4	27	29	68143.mp4	3	5
B1DNoole3Wo.mp4	29	31	95655.mp4	1	3
LnMvFpR0xCY.mp4	133	135	190230.mp4	4	6
xFIfGrhYpAg.mp4	19	21	131693.mp4	7	9
CfDdbeAk8LE.mp4	8	10	109550.mp4	2	4
Ld2a5ogu9k8.mp4	29	31	188734.mp4	5	7
2XOTxAZZhsQ.mp4	40	42	26437.mp4	8	10
12v5k4Z8lAE.mp4	59	61	15330.mp4	3	5
4bUxtqX_oxM.mp4	5	7	42126.mp4	5	7
dP2DgvNt12Y.mp4	26	28	353607.mp4	6	8
RaQE93FNLQI.mp4	45	47	242962.mp4	0	2
aVH9QsSATKM.mp4	129	131	328826.mp4	1	3
WQmJrfjOF7o.mp4	57	59	73088.mp4	7	9
FExyWFc1nU0.mp4	26	28	132014.mp4	2	4
HQP20PGfwYM.mp4	138	140	151096.mp4	1	3
JE50XTpCN78.mp4	149	151	167322.mp4	7	9
6skP3w9WDIM.mp4	84	86	59929.mp4	7	9
1DmdX5QwqFI.mp4	75	77	16674.mp4	2	4
Zw4illqWzFI.mp4	11	13	314814.mp4	6	8
ArzhjEk4j_Y.mp4	11	13	94372.mp4	8	10
3MS3CAyl_YA.mp4	43	45	32754.mp4	2	4
1rf7t4sYtIA.mp4	12	14	21417.mp4	1	3
1qKXZ9fThTg.mp4	96	98	21258.mp4	3	5
WCCkmuFrSQ0.mp4	11	13	283749.mp4	1	3
aGlfi9PqRdY.mp4	31	33	327060.mp4	5	7
7B1FZR0IA6M.mp4	29	31	62441.mp4	0	2
H0l29-F7Edg.mp4	9	11	147147.mp4	8	10
1VBg21aaiKM.mp4	5	7	342487.mp4	0	2
rDT4ngAfeHs.mp4	10	12	165042.mp4	7	9
685wnEW1Uq4.mp4	4	6	53900.mp4	3	5
UXi0Cy16-0Y.mp4	12	14	269331.mp4	0	2
O-YKLVm0ciI.mp4	91	93	210020.mp4	0	2
PsddM2OmOGo.mp4	65	67	117623.mp4	8	10
0fsMeZoZzJI.mp4	52	54	12512.mp4	3	5
2sbF8W0_bbg.mp4	8	10	29018.mp4	5	7
cY3QbnSeu9k.mp4	101	103	126693.mp4	5	7
5koLOwu786I.mp4	49	51	50983.mp4	2	4
5g7bqiT7Y3c.mp4	0	2	50412.mp4	0	2
zLZTqSaGxJo.mp4	75	77	55062.mp4	0	2
Fyi7pbkKk7w.mp4	90	92	137837.mp4	1	3
T_5ANYuDWOA.mp4	27	29	260650.mp4	7	9
Q78FBGHniCc.mp4	45	47	229704.mp4	1	3
57buK1yvKPk.mp4	72	74	46091.mp4	5	7
f7ndXtwTep0.mp4	50	52	368323.mp4	2	4
X0UmqVLOAK0.mp4	3	5	290341.mp4	0	2
vlqrUu4gi0Q.mp4	45	47	143110.mp4	8	10
VcQHv5PHb-M.mp4	85	87	278774.mp4	4	6
Rn5qprCWXFg.mp4	76	78	244899.mp4	8	10
91XkPU8A5hs.mp4	19	21	119923.mp4	5	7
Lr5GuPjfU7Q.mp4	42	44	190703.mp4	2	4
BSlVLi81VGM.mp4	43	45	99521.mp4	5	7
od1jHUzgrAU.mp4	91	93	319899.mp4	0	2
FNAt8Pew0HA.mp4	11	13	133112.mp4	4	6
Kyo1nkGKRqw.mp4	55	57	182462.mp4	2	4
SaG9e90z1j8.mp4	86	88	252045.mp4	0	2
dSF2i1OQtMc.mp4	92	94	353972.mp4	5	7
1scjpxusQx0.mp4	151	153	21519.mp4	6	8
8ma-p7ap2MQ.mp4	89	91	76027.mp4	6	8
WQmJrfjOF7o.mp4	128	130	285700.mp4	5	7
W8ayZca_fAY.mp4	61	63	342081.mp4	0	2
-lEsnrNNZFU.mp4	7	9	5736.mp4	7	9
Fky1ioAUt38.mp4	0	2	136276.mp4	0	2
6g80a1NnftU.mp4	66	68	58290.mp4	3	5
T69Cadlc62E.mp4	58	60	256629.mp4	6	8
9hE6VRD3qXQ.mp4	40	42	84240.mp4	8	10
CRH5U5XKb2Q.mp4	202	204	345915.mp4	1	3
Q-fUXywUo7o.mp4	116	118	228510.mp4	8	10
-l16smV_uYg.mp4	124	126	144997.mp4	1	3
8nQGd6hiduA.mp4	83	85	198758.mp4	3	5
EInkc1uEX3c.mp4	148	150	123705.mp4	8	10
RLMvrl_vaqc.mp4	12	14	241088.mp4	1	3
t1urvYx1X_w.mp4	16	18	134516.mp4	5	7
JZz2O0y0ufY.mp4	6	8	36796.mp4	2	4
Qu3_80O0j5w.mp4	67	69	236886.mp4	6	8
