DepG0r3JiV4.mp4	15	17	xzoquwJYEZw.mp4	15	17
SLisp6hn700.mp4	5	7	dH_gpSfaA6E.mp4	5	7
dwCeFVAaP9c.mp4	131	133	mLijl36SjJU.mp4	131	133
szl1InYab_k.mp4	0	2	kC8DS6b76yI.mp4	0	2
2HmhRdKRVb4.mp4	0	2	fM4pJeHb8hQ.mp4	0	2
Px08sPeSsG0.mp4	11	13	nLddpveoSHE.mp4	11	13
2HmhRdKRVb4.mp4	0	2	WXMb7XF6k8o.mp4	0	2
H91Dm6jaUPg.mp4	7	9	fRUoSevi63M.mp4	7	9
H91Dm6jaUPg.mp4	7	9	-YjGbsbDoxs.mp4	7	9
akwJwcvfjLA.mp4	13	15	xzoquwJYEZw.mp4	13	15
mUyMYnGXKgk.mp4	0	2	KV0L45xelkE.mp4	0	2
D1E_KJRxGvQ.mp4	84	86	W6y6Vmk5edg.mp4	74	76
H91Dm6jaUPg.mp4	7	9	o6lTgyb_AkM.mp4	7	9
H91Dm6jaUPg.mp4	7	9	tokwDYW6rS0.mp4	7	9
Px08sPeSsG0.mp4	10	12	IN8-B39kq_k.mp4	10	12
Dzj5X11anrk.mp4	20	22	tL90IPP3hbA.mp4	20	22
T8ae3_Pm5eE.mp4	15	17	99dCcB5Unmo.mp4	15	17
nXNczyQpljQ.mp4	113	115	cBCi-pOE5NQ.mp4	135	137
qiRrR2Nj2SQ.mp4	15	17	Q5kU3DUXXZg.mp4	15	17
mUyMYnGXKgk.mp4	0	2	Db6sq4DjW7E.mp4	0	2
5KYUiMysyb0.mp4	18	20	0WJX2A6PSnA.mp4	18	20
3TxZTZEEg44.mp4	137	139	gCxLSh-cgng.mp4	122	124
IJ76Wtgg2g4.mp4	83	85	62h9hnNTKWM.mp4	83	85
IJ76Wtgg2g4.mp4	83	85	PXBcPu2_KOo.mp4	84	86
mhYFpct97UE.mp4	6	8	xJNqBSJ7rqU.mp4	6	8
iUGuDzgow2I.mp4	39	41	aeEMrTpNUss.mp4	25	27
n3v9Znovl98.mp4	144	146	B-nlhZ0RR4A.mp4	64	66
ybkcKusf-Kg.mp4	21	23	aeEMrTpNUss.mp4	25	27
ybkcKusf-Kg.mp4	21	23	5kBKAfEX7XA.mp4	40	42
QVdsLRKpCT0.mp4	52	54	aeEMrTpNUss.mp4	25	27
R8WbSI3m1lI.mp4	0	2	H8MY7XGrN6Q.mp4	7	9
lfH_S2LTEXA.mp4	75	77	fY2IeYSxY4U.mp4	161	163
AISkvED80lU.mp4	51	53	3l7quTy4c2s.mp4	55	57
rMy6sItJID0.mp4	69	71	CB41iJu4ZVY.mp4	61	63
i1CVl-0-gJE.mp4	23	25	V2PhVadSbpQ.mp4	23	25
T8ae3_Pm5eE.mp4	16	18	IdhpB7doBOE.mp4	16	18
W8ayZca_fAY.mp4	43	45	XoCvj2IbVGE.mp4	213	215
D1E_KJRxGvQ.mp4	53	55	0kykNR9FUWU.mp4	85	87
IJ76Wtgg2g4.mp4	83	85	FoPNGc6Lg8k.mp4	64	66
TOP1Fwili-k.mp4	9	11	4ZyPBOe4P0U.mp4	9	11
cjUz6gVQPEs.mp4	78	80	gtd2Ye-raxE.mp4	57	59
MC0L0ljTUiw.mp4	168	170	J_SD_hhGET8.mp4	168	170
AmWcQz_KJG4.mp4	15	17	iWj81FBROQQ.mp4	38	40
NBXH7A2EO7Q.mp4	85	87	RTIzzeNaH2Q.mp4	141	143
mhYFpct97UE.mp4	6	8	R2cL7miVEwA.mp4	6	8
vL8s-b4eJiU.mp4	79	81	PaPR1XQU0_A.mp4	92	94
AmWcQz_KJG4.mp4	62	64	CB41iJu4ZVY.mp4	61	63
YfxK4HAp8jI.mp4	22	24	y3Wfx-RvTpk.mp4	12	14
nXNczyQpljQ.mp4	86	88	nDbLtdY66dA.mp4	38	40
jzCnWUUUviE.mp4	7	9	35DlDj_hzvg.mp4	5	7
aBdrTqSnWbw.mp4	14	16	erevt6avST0.mp4	14	16
lyJpgvmTOpo.mp4	2	4	37Q3so6ERxs.mp4	2	4
Likt_9dbMqE.mp4	132	134	LHjmL7Pg_80.mp4	132	134
mbGpp_nDwI4.mp4	80	82	SO67XxdevPw.mp4	20	22
M-n0vW3p2sE.mp4	16	18	VgQ6a7oVx7g.mp4	19	21
OqLUp37WKMA.mp4	6	8	t6FuJ4L8sHY.mp4	23	25
9A3z0W8U124.mp4	84	86	m210FwMsnTQ.mp4	16	18
mbGpp_nDwI4.mp4	32	34	PUHGXI6N0DA.mp4	41	43
mbGpp_nDwI4.mp4	31	33	fxxeCpqgRfk.mp4	44	46
xqzsv8VpaNM.mp4	31	33	cMoy7UJtlyA.mp4	48	50
eXMF6Skt2To.mp4	19	21	_Af_9cK5x4E.mp4	94	96
EbQJuDQdW8U.mp4	1	3	EgPk-mmJyS8.mp4	1	3
k7MXH55q28U.mp4	44	46	30y8Uy0B_uk.mp4	17	19
dFVX_2UQ2WY.mp4	45	47	7j8cTyXi5a4.mp4	73	75
qkk2tK19sx8.mp4	25	27	sRgBK2_nb0I.mp4	21	23
M-n0vW3p2sE.mp4	16	18	71vVRQ4l8OI.mp4	42	44
9A3z0W8U124.mp4	84	86	V5MvrOzQWZo.mp4	60	62
otWTm1_aAqI.mp4	23	25	V1ntLwOfkyE.mp4	17	19
fJNauQt9Di0.mp4	121	123	K-eZfCs8yOc.mp4	47	49
otWTm1_aAqI.mp4	24	26	AWXdK-ix3gQ.mp4	9	11
mbGpp_nDwI4.mp4	32	34	vWGkTOLx57s.mp4	30	32
4o8MaHTb7E4.mp4	0	2	3hp7kPpZDhs.mp4	25	27
7DJDUzdw_I4.mp4	8	10	SO67XxdevPw.mp4	20	22
Tab-dSCaMC8.mp4	40	42	mS7SAG1nW1o.mp4	50	52
M_WEOecjwLY.mp4	2	4	7EEpIeXhO54.mp4	116	118
7DJDUzdw_I4.mp4	8	10	fxxeCpqgRfk.mp4	33	35
tqqWTxQ5-kY.mp4	2	4	gUFRtx51OJc.mp4	2	4
7DJDUzdw_I4.mp4	8	10	XftM9eALPy0.mp4	49	51
Tab-dSCaMC8.mp4	11	13	_032TQam_mY.mp4	13	15
dAcdSkaoK64.mp4	63	65	GQzwzOM9db8.mp4	5	7
Nj_rPQwzllA.mp4	126	128	NnEUVHhtLZs.mp4	60	62
OjV4UScwkU0.mp4	62	64	RW-nnJiVPsU.mp4	62	64
0zjA3KPnLK8.mp4	46	48	wOwWidUOaxc.mp4	46	48
_MR8G1jwM4o.mp4	149	151	MEbEcvzdytY.mp4	71	73
j7fPZQE3-fQ.mp4	2	4	gUFRtx51OJc.mp4	2	4
mk3srKjFB3A.mp4	30	32	sRgBK2_nb0I.mp4	29	31
9-yueOtwiL8.mp4	65	67	lkSkFmHYdtI.mp4	11	13
uJuGXnGqozs.mp4	23	25	RxuL7k7-hYQ.mp4	88	90
1cLxW-FhgpA.mp4	6	8	gXKGS1N3zuM.mp4	5	7
BwR1DPCVsP8.mp4	123	125	IGcalXmWUwA.mp4	95	97
91XkPU8A5hs.mp4	55	57	YoXZfvf5Teg.mp4	226	228
YNQphOFqDOA.mp4	9	11	rKnQNI9PNFI.mp4	17	19
aBdrTqSnWbw.mp4	15	17	W6Sz8ajVsjc.mp4	15	17
RAluocUocdw.mp4	60	62	I5QbY8vlR54.mp4	38	40
BwR1DPCVsP8.mp4	10	12	XToVLTbQEm4.mp4	10	12
7RESODKApso.mp4	26	28	K_0DLTcFy-8.mp4	26	28
aBdrTqSnWbw.mp4	15	17	oO6jZR9Aijc.mp4	15	17
-jNouTszLJ0.mp4	21	23	LHiui4s2X1s.mp4	18	20
GkwkHQJifDU.mp4	2	4	1V0TqgcXSVk.mp4	10	12
apjGHMrnMV0.mp4	144	146	_j5JUQzOCtc.mp4	79	81
pzkwJYJol7o.mp4	93	95	dEUFGAwRhEM.mp4	207	209
eBlYGGmeBY0.mp4	50	52	60CCYfec2vQ.mp4	54	56
AauepSs1kUU.mp4	49	51	8eDJXDetgGE.mp4	160	162
cyznGwlE9hM.mp4	156	158	EZZzVXqxG6U.mp4	73	75
7ih5UMIU7zE.mp4	132	134	yCAsVc5Tb_0.mp4	47	49
aYSJn94g_Io.mp4	33	35	P6t2HLPZ3Dk.mp4	11	13
91XkPU8A5hs.mp4	65	67	1o-Fx2dGfpc.mp4	10	12
2lUqeOw61QY.mp4	47	49	dtT0BzjTStw.mp4	23	25
YfxK4HAp8jI.mp4	37	39	dtT0BzjTStw.mp4	65	67
lOtplLrtapE.mp4	47	49	Ap7GCrt9C4w.mp4	97	99
2lUqeOw61QY.mp4	47	49	y3Wfx-RvTpk.mp4	30	32
ePaFTey15ho.mp4	183	185	BLmAF2wbTz8.mp4	6	8
AISkvED80lU.mp4	52	54	Ch_qHjUtOpE.mp4	4	6
OqLUp37WKMA.mp4	6	8	dfex2oZYqmU.mp4	18	20
eZbdiuUu0S8.mp4	187	189	0hWGSkDnRHA.mp4	14	16
aa0MLYA8F7s.mp4	35	37	2_tzemKY72E.mp4	32	34
gIgim1Dp8HU.mp4	2	4	Qg3Lih9PTBM.mp4	2	4
n3v9Znovl98.mp4	45	47	1sA-lEbrgak.mp4	24	26
91XkPU8A5hs.mp4	59	61	0bjHe_5nACw.mp4	106	108
WXEq3OeD68o.mp4	22	24	kI6maggAugg.mp4	60	62
MiOJxYa5Nt4.mp4	6	8	Q48_MDiak-w.mp4	4	6
gLfvk2SSj1c.mp4	62	64	q4rVY3sLQqA.mp4	28	30
eXMF6Skt2To.mp4	118	120	4XGQR2VmWpw.mp4	129	131
AMMECm7Huhk.mp4	140	142	zU6SnkNIdrw.mp4	140	142
APAxAnwS9oM.mp4	97	99	FIzlf7jdsUY.mp4	144	146
VFqkLp5mzBM.mp4	28	30	uqT5jtfx8x0.mp4	20	22
j1XZ3FA8EYY.mp4	148	150	LHjmL7Pg_80.mp4	86	88
6NqS3vYvf6Q.mp4	143	145	q2TF-3bWZuU.mp4	119	121
lfH_S2LTEXA.mp4	127	129	30y8Uy0B_uk.mp4	85	87
K0MzjnMzbj4.mp4	164	166	XToVLTbQEm4.mp4	162	164
AJ15GW-sS5M.mp4	51	53	cByxAZfw_hM.mp4	31	33
CRdgzvZxB8A.mp4	45	47	2bEr09bbqAA.mp4	53	55
JLDZdxTf5TA.mp4	64	66	RgzbNJPchqc.mp4	45	47
tCQiu-qY9XA.mp4	35	37	_dLbtK8_SHo.mp4	149	151
FU0EPNGKsv8.mp4	47	49	Db6sq4DjW7E.mp4	35	37
4sm-tTbfamM.mp4	110	112	CHaTWk6uqd8.mp4	227	229
lfH_S2LTEXA.mp4	21	23	9ZQY-ZfimYo.mp4	18	20
DXhVbxfmrYM.mp4	28	30	rVYuVW9tB3U.mp4	28	30
LqCg09IRp-o.mp4	22	24	pExl_cwmT8M.mp4	22	24
as7KugARkLE.mp4	4	6	OJJMEEsOdPQ.mp4	3	5
uJuGXnGqozs.mp4	37	39	rBnygEUFOvE.mp4	27	29
AJ15GW-sS5M.mp4	98	100	UCZGbQFg6io.mp4	44	46
2Voht8wf3dQ.mp4	101	103	4taBobzpYNU.mp4	103	105
UcI4miTi0Cg.mp4	31	33	t6FuJ4L8sHY.mp4	35	37
GkwkHQJifDU.mp4	12	14	02yDi9BaDO8.mp4	34	36
niqc-dW54ic.mp4	12	14	PdNb0g36a6U.mp4	63	65
vWde8sMxe1w.mp4	10	12	VCg6_fuipp8.mp4	3	5
sWtwatYMbX0.mp4	10	12	DHfiz3MNbcc.mp4	56	58
70bS0DkAeDo.mp4	14	16	8TDYCXqSHCw.mp4	12	14
-wXbBZDSIa8.mp4	11	13	jFp6ld_IGuY.mp4	16	18
TUfYisuVrs0.mp4	1	3	gHhgZ0Bd4H4.mp4	212	214
hGziyfXmotc.mp4	10	12	nvFtFFJXxB0.mp4	10	12
igrjxhf0XyY.mp4	32	34	hKn_RK3VSAo.mp4	18	20
igrjxhf0XyY.mp4	32	34	MjHlAvy2qVY.mp4	18	20
lfH_S2LTEXA.mp4	27	29	jVM8v6uJx8c.mp4	38	40
RpH774VD6Hw.mp4	78	80	FbvTQ1-FCag.mp4	149	151
vL8s-b4eJiU.mp4	162	164	rVmNL8rzHnU.mp4	154	156
hDPLy21Yyuk.mp4	2	4	F2x2fynkbAQ.mp4	1	3
lCIJJgxTs2U.mp4	10	12	lGPUCwHjiK0.mp4	4	6
sWtwatYMbX0.mp4	10	12	ACki-MP9qdQ.mp4	10	12
uMGfCaGMnEE.mp4	59	61	1BfYAuxv6Wk.mp4	12	14
_RCe4Q0p1aA.mp4	46	48	DU2hdNIS2WI.mp4	15	17
O-YKLVm0ciI.mp4	200	202	hR6VFvMXCN4.mp4	0	2
5dXi-tAGqbs.mp4	28	30	YH3571KWDpM.mp4	124	126
-voGnJbk3CI.mp4	10	12	XSDIekFXkv0.mp4	27	29
sWtwatYMbX0.mp4	10	12	1BfYAuxv6Wk.mp4	12	14
Likt_9dbMqE.mp4	143	145	lzQwtmUrSK4.mp4	113	115
JLDZdxTf5TA.mp4	97	99	h9WOFfVGeAQ.mp4	6	8
sWtwatYMbX0.mp4	10	12	Rl6US0JizDs.mp4	27	29
sWtwatYMbX0.mp4	10	12	0ivHmKR8cUw.mp4	24	26
uMGfCaGMnEE.mp4	59	61	0ivHmKR8cUw.mp4	57	59
AJ15GW-sS5M.mp4	146	148	VM-ldOw7e4Y.mp4	62	64
niqc-dW54ic.mp4	12	14	e1TfVkNgitY.mp4	33	35
1cLxW-FhgpA.mp4	129	131	3K62qZ2hGyw.mp4	125	127
Z9k8GiGjkZ8.mp4	1	3	BOqca4eckEs.mp4	1	3
Vncj0EkAGio.mp4	48	50	pvFviIF1VGc.mp4	35	37
cKMGacBQX0E.mp4	0	2	P49Ci0Ph8eU.mp4	0	2
y9kk0ptXevk.mp4	10	12	7j8cTyXi5a4.mp4	12	14
sWtwatYMbX0.mp4	22	24	Ygt3z-K-ZMQ.mp4	29	31
5wQLpjdsRUg.mp4	12	14	Oheg1qwrESg.mp4	52	54
UH_z4C6sv3E.mp4	12	14	XLsuG0cNl4o.mp4	48	50
