video7850.mp4	12	16	-QsjoCXiA_A.mp4	398	402
video9638.mp4	0	4	TqfMHH67KJA.mp4	1811	1815
video7241.mp4	15	19	uOmtVFQ3WF8.mp4	240	244
video7241.mp4	15	19	cmYsRcLMvO8.mp4	201	205
video9401.mp4	3	7	-QsjoCXiA_A.mp4	276	280
video9952.mp4	1	5	-QsjoCXiA_A.mp4	276	280
video7930.mp4	10	14	y5KPZp2t52U.mp4	213	217
video8690.mp4	2	6	igXvifC7Gd0.mp4	171	175
video8444.mp4	8	12	vQJ5ejIqUQI.mp4	120	124
video8444.mp4	7	11	5mXLUDF7lnQ.mp4	101	105
video8444.mp4	8	12	FjLrVethvZY.mp4	293	297
video8747.mp4	4	8	XyBzmblzxVU.mp4	486	490
video8444.mp4	8	12	diXKW_pLpQA.mp4	234	238
video7546.mp4	13	17	GRDRUoO0g0U.mp4	105	109
video9611.mp4	12	16	lR3Ae6IAOiM.mp4	252	256
video8475.mp4	7	11	cmYsRcLMvO8.mp4	191	195
video7607.mp4	2	6	bf7BXwVeyWw.mp4	6	10
video7366.mp4	0	4	f5NUO2OEz7k.mp4	1160	1164
video7607.mp4	2	6	H0_yKBitO8M.mp4	6	10
video9671.mp4	1	5	uwVtPY1UO9I.mp4	170	174
video8512.mp4	10	14	I_O-80EtAgI.mp4	23	27
