video8659.mp4	13	17	SuKgZbVHL2o.mp4	24	28
video7968.mp4	9	13	X1mE2IWeamI.mp4	93	97
video9705.mp4	0	4	SuKgZbVHL2o.mp4	89	93
video8444.mp4	3	7	A68bBM_5wUY.mp4	342	346
video8444.mp4	8	12	wKHC2gbRdA0.mp4	150	154
video8834.mp4	6	10	AWVaYpPFJqk.mp4	385	389
video9881.mp4	7	11	4B6j3gYkvr4.mp4	158	162
video8643.mp4	5	9	SuKgZbVHL2o.mp4	60	64
video9881.mp4	12	16	nqyO0ovASOg.mp4	188	192
video7591.mp4	5	9	nQLUK4aKsg0.mp4	113	117
video7406.mp4	1	5	nQLUK4aKsg0.mp4	112	116
video8511.mp4	4	8	nqyO0ovASOg.mp4	146	150
video7360.mp4	1	5	c87PnAWDbOA.mp4	23	27
video9881.mp4	7	11	LRjJqoeprqg.mp4	356	360
video9938.mp4	0	4	ZLA9W7R4a_c.mp4	118	122
video9881.mp4	7	11	IvDEV7eROm4.mp4	123	127
video9881.mp4	7	11	0xYOUNfzIn8.mp4	11	15
video9881.mp4	7	11	ucky1nWb7LY.mp4	237	241
video9881.mp4	7	11	RUnYJCdTLiY.mp4	95	99
video8511.mp4	6	10	U5Eyu9IyG-I.mp4	118	122
video8511.mp4	6	10	K16Rr-pPKKI.mp4	141	145
video9881.mp4	7	11	PKcwRi9jh0E.mp4	72	76
video8511.mp4	6	10	Ghefa-Q18Tg.mp4	598	602
video7360.mp4	1	5	2Rn2tM9Rgg8.mp4	522	526
video8511.mp4	6	10	f-h7OM5HM0Q.mp4	358	362
video9881.mp4	6	10	W882NYaaiEs.mp4	380	384
video8511.mp4	6	10	W882NYaaiEs.mp4	319	323
video8511.mp4	6	10	p8ZGmL-8w6E.mp4	108	112
video9881.mp4	7	11	fq37BTAjPHk.mp4	193	197
video8511.mp4	6	10	sLFCqYYhrZM.mp4	275	279
video8511.mp4	6	10	PKcwRi9jh0E.mp4	72	76
video8511.mp4	6	10	LRjJqoeprqg.mp4	83	87
video8511.mp4	5	9	mixdagZ-fwI.mp4	211	215
video8596.mp4	5	9	ZvIXsbEUCa0.mp4	335	339
