video8832.mp4	10	14	video1607.mp4	11	15
video7884.mp4	8	12	video4776.mp4	8	12
video8832.mp4	11	15	video2679.mp4	10	14
video9054.mp4	7	11	video4749.mp4	7	11
video8832.mp4	12	16	video425.mp4	11	15
video7558.mp4	9	13	video6663.mp4	1	5
video8731.mp4	6	10	video3089.mp4	0	4
video9054.mp4	0	4	video4680.mp4	4	8
video7118.mp4	8	12	video4919.mp4	9	13
video7129.mp4	5	9	video4919.mp4	9	13
video7118.mp4	7	11	video583.mp4	7	11
video7129.mp4	4	8	video583.mp4	7	11
video7118.mp4	8	12	video4356.mp4	9	13
video7129.mp4	5	9	video4356.mp4	9	13
video7500.mp4	8	12	video2586.mp4	8	12
video9417.mp4	2	6	video5985.mp4	3	7
video8832.mp4	3	7	video5143.mp4	2	6
video9012.mp4	7	11	video4356.mp4	2	6
video9191.mp4	4	8	video5375.mp4	5	9
video9012.mp4	4	8	video425.mp4	0	4
video8752.mp4	6	10	video637.mp4	3	7
video9012.mp4	9	13	video583.mp4	3	7
video9014.mp4	2	6	video2007.mp4	5	9
video8832.mp4	3	7	video583.mp4	0	4
video7241.mp4	8	12	video821.mp4	3	7
video9804.mp4	6	10	video5607.mp4	6	10
video8832.mp4	8	12	video4356.mp4	7	11
video8850.mp4	4	8	video6483.mp4	1	5
video8832.mp4	9	13	video4919.mp4	7	11
video9804.mp4	6	10	video4773.mp4	0	4
video9804.mp4	7	11	video5739.mp4	7	11
video8394.mp4	5	9	video5570.mp4	0	4
video7129.mp4	7	11	video1607.mp4	12	16
video9012.mp4	4	8	video1607.mp4	2	6
video7241.mp4	6	10	video4773.mp4	1	5
video7241.mp4	0	4	video5607.mp4	6	10
video9012.mp4	4	8	video2679.mp4	0	4
video9012.mp4	7	11	video5143.mp4	2	6
video7118.mp4	6	10	video1607.mp4	9	13
video7241.mp4	1	5	video5739.mp4	7	11
video7011.mp4	9	13	video4312.mp4	4	8
video9012.mp4	7	11	video4919.mp4	0	4
video9089.mp4	1	5	video409.mp4	1	5
video9804.mp4	6	10	video821.mp4	5	9
video7118.mp4	1	5	video2679.mp4	2	6
video7612.mp4	1	5	video915.mp4	15	19
video9012.mp4	7	11	video5100.mp4	5	9
video7118.mp4	1	5	video5100.mp4	5	9
video7118.mp4	6	10	video425.mp4	7	11
video7118.mp4	1	5	video5143.mp4	2	6
video7883.mp4	8	12	video4466.mp4	24	28
video7129.mp4	4	8	video425.mp4	8	12
video8539.mp4	1	5	video1078.mp4	0	4
video8832.mp4	3	7	video5100.mp4	5	9
video7129.mp4	3	7	video2679.mp4	7	11
video8144.mp4	7	11	video5749.mp4	4	8
video7118.mp4	9	13	video3672.mp4	1	5
video7129.mp4	6	10	video3672.mp4	1	5
video7241.mp4	5	9	video4536.mp4	7	11
video9804.mp4	6	10	video4536.mp4	7	11
video9623.mp4	1	5	video337.mp4	0	4
video8144.mp4	7	11	video1936.mp4	7	11
video8475.mp4	7	11	video5607.mp4	6	10
video8017.mp4	19	23	video5203.mp4	7	11
video7922.mp4	1	5	video165.mp4	5	9
video7118.mp4	9	13	video4218.mp4	1	5
video7129.mp4	6	10	video4218.mp4	1	5
video8475.mp4	7	11	video821.mp4	5	9
video9012.mp4	1	5	video4238.mp4	4	8
video7366.mp4	0	4	video2607.mp4	17	21
video8582.mp4	3	7	video5884.mp4	3	7
video8993.mp4	6	10	video2355.mp4	8	12
video7975.mp4	4	8	video6625.mp4	22	26
video8907.mp4	8	12	video5625.mp4	2	6
video7413.mp4	4	8	video3246.mp4	6	10
video8358.mp4	25	29	video5760.mp4	2	6
video8832.mp4	12	16	video4218.mp4	1	5
video7129.mp4	0	4	video5100.mp4	7	11
video8475.mp4	7	11	video4536.mp4	7	11
video7748.mp4	4	8	video6625.mp4	17	21
video9308.mp4	5	9	video3851.mp4	9	13
video7129.mp4	0	4	video5143.mp4	4	8
video7444.mp4	8	12	video6639.mp4	6	10
video8628.mp4	3	7	video2607.mp4	17	21
video9071.mp4	13	17	video126.mp4	6	10
video7612.mp4	22	26	video5099.mp4	4	8
video7686.mp4	13	17	video6918.mp4	5	9
video7636.mp4	0	4	video5625.mp4	2	6
video7607.mp4	6	10	video2355.mp4	8	12
video7883.mp4	5	9	video1104.mp4	18	22
video7449.mp4	2	6	video1078.mp4	3	7
video8908.mp4	10	14	video5375.mp4	2	6
video8539.mp4	4	8	video6813.mp4	2	6
video7862.mp4	0	4	video3865.mp4	6	10
video7308.mp4	5	9	video2607.mp4	11	15
video9674.mp4	2	6	video2501.mp4	10	14
video9674.mp4	0	4	video2802.mp4	0	4
video8075.mp4	6	10	video4680.mp4	3	7
video8832.mp4	1	5	video4238.mp4	8	12
video8832.mp4	10	14	video3672.mp4	1	5
video9071.mp4	14	18	video3851.mp4	9	13
video7449.mp4	8	12	video4070.mp4	2	6
video8002.mp4	4	8	video5225.mp4	2	6
video7867.mp4	4	8	video5393.mp4	6	10
video9991.mp4	6	10	video5412.mp4	7	11
video7960.mp4	8	12	video5412.mp4	5	9
video9870.mp4	16	20	video5.mp4	16	20
video7366.mp4	0	4	video6500.mp4	6	10
video7883.mp4	6	10	video4324.mp4	12	16
video7449.mp4	9	13	video4324.mp4	4	8
video7449.mp4	9	13	video2647.mp4	2	6
video8779.mp4	0	4	video1418.mp4	1	5
video7308.mp4	19	23	video6500.mp4	6	10
video9084.mp4	2	6	video5771.mp4	8	12
video7156.mp4	0	4	video5570.mp4	7	11
video8757.mp4	7	11	video5793.mp4	2	6
video8757.mp4	7	11	video6208.mp4	3	7
video8537.mp4	18	22	video4559.mp4	10	14
video7159.mp4	1	5	video518.mp4	3	7
video8823.mp4	0	4	video6118.mp4	1	5
video7748.mp4	3	7	video6636.mp4	4	8
video7449.mp4	8	12	video1104.mp4	3	7
video8628.mp4	3	7	video6500.mp4	6	10
video9308.mp4	5	9	video126.mp4	6	10
video8443.mp4	8	12	video2505.mp4	9	13
video8539.mp4	22	26	video6496.mp4	16	20
video7159.mp4	1	5	video3814.mp4	0	4
video7067.mp4	3	7	video4155.mp4	8	12
video7882.mp4	9	13	video1458.mp4	2	6
video7975.mp4	5	9	video6636.mp4	4	8
video8539.mp4	22	26	video4070.mp4	2	6
video9375.mp4	5	9	video3633.mp4	16	20
video9064.mp4	5	9	video6603.mp4	11	15
video7782.mp4	7	11	video3315.mp4	4	8
video9791.mp4	9	13	video3376.mp4	8	12
video8371.mp4	3	7	video3159.mp4	4	8
video7117.mp4	4	8	video6332.mp4	3	7
video7883.mp4	8	12	video2647.mp4	21	25
video9632.mp4	6	10	video1527.mp4	5	9
video8823.mp4	0	4	video5760.mp4	1	5
video8556.mp4	5	9	video2692.mp4	6	10
video9674.mp4	1	5	video6786.mp4	6	10
video9212.mp4	7	11	video1311.mp4	5	9
video9375.mp4	4	8	video3212.mp4	7	11
video9012.mp4	0	4	video2100.mp4	7	11
video7019.mp4	7	11	video5188.mp4	6	10
video7908.mp4	7	11	video6438.mp4	6	10
video7449.mp4	9	13	video6496.mp4	1	5
video9375.mp4	8	12	video2295.mp4	12	16
video7941.mp4	1	5	video6208.mp4	2	6
video8539.mp4	22	26	video1104.mp4	3	7
video7014.mp4	5	9	video3424.mp4	2	6
video8823.mp4	0	4	video1985.mp4	14	18
video8823.mp4	0	4	video1985.mp4	14	18
video8586.mp4	0	4	video4070.mp4	2	6
video9632.mp4	6	10	video5771.mp4	10	14
video7941.mp4	1	5	video5793.mp4	1	5
video8586.mp4	0	4	video1104.mp4	18	22
video7941.mp4	2	6	video357.mp4	7	11
video9012.mp4	1	5	video5665.mp4	5	9
video8399.mp4	0	4	video5594.mp4	7	11
video7946.mp4	9	13	video5188.mp4	6	10
video8575.mp4	1	5	video3376.mp4	1	5
video9879.mp4	4	8	video4515.mp4	0	4
video8443.mp4	2	6	video3669.mp4	6	10
video8105.mp4	0	4	video4945.mp4	2	6
video8105.mp4	11	15	video6594.mp4	3	7
video8105.mp4	11	15	video6594.mp4	3	7
video8105.mp4	13	17	video347.mp4	0	4
video9084.mp4	2	6	video5594.mp4	7	11
video7014.mp4	1	5	video2428.mp4	5	9
video7883.mp4	14	18	video3441.mp4	9	13
video7883.mp4	6	10	video6255.mp4	21	25
video8975.mp4	1	5	video1877.mp4	6	10
video8399.mp4	0	4	video5771.mp4	10	14
video7862.mp4	0	4	video3424.mp4	7	11
video8224.mp4	6	10	video6343.mp4	6	10
video9825.mp4	10	14	video5188.mp4	7	11
video8537.mp4	22	26	video5361.mp4	3	7
video8537.mp4	17	21	video3758.mp4	2	6
video8539.mp4	15	19	video4466.mp4	21	25
video8537.mp4	17	21	video3633.mp4	13	17
video9298.mp4	0	4	video3865.mp4	6	10
video9298.mp4	0	4	video3865.mp4	6	10
video7449.mp4	9	13	video4466.mp4	24	28
video8537.mp4	21	25	video2360.mp4	0	4
video8537.mp4	21	25	video665.mp4	9	13
video7883.mp4	8	12	video4070.mp4	2	6
video9641.mp4	4	8	video5555.mp4	0	4
video8257.mp4	5	9	video5188.mp4	7	11
video7730.mp4	5	9	video3851.mp4	10	14
video7946.mp4	4	8	video2430.mp4	6	10
video8443.mp4	8	12	video4543.mp4	14	18
video8586.mp4	0	4	video4466.mp4	22	26
video8586.mp4	0	4	video4324.mp4	6	10
video9881.mp4	7	11	video6347.mp4	15	19
video9193.mp4	9	13	video1159.mp4	9	13
video9375.mp4	7	11	video3556.mp4	9	13
video9375.mp4	8	12	video5123.mp4	8	12
video8443.mp4	8	12	video2360.mp4	7	11
video8539.mp4	9	13	video4324.mp4	12	16
video9791.mp4	8	12	video1159.mp4	9	13
video8470.mp4	1	5	video3031.mp4	12	16
video8539.mp4	22	26	video2647.mp4	1	5
video9375.mp4	17	21	video5361.mp4	4	8
video9768.mp4	0	4	video6548.mp4	0	4
video8009.mp4	1	5	video2095.mp4	7	11
video8586.mp4	0	4	video2647.mp4	2	6
video9375.mp4	22	26	video2505.mp4	9	13
video9868.mp4	6	10	video5290.mp4	2	6
video8009.mp4	2	6	video2429.mp4	7	11
video9375.mp4	22	26	video2360.mp4	5	9
video8586.mp4	0	4	video6496.mp4	19	23
video9632.mp4	6	10	video5594.mp4	7	11
video9580.mp4	9	13	video838.mp4	11	15
video8394.mp4	0	4	video1677.mp4	8	12
video8275.mp4	9	13	video6101.mp4	10	14
video8792.mp4	0	4	video5793.mp4	0	4
video9710.mp4	5	9	video2429.mp4	7	11
video9710.mp4	4	8	video2095.mp4	7	11
video8586.mp4	0	4	video6255.mp4	22	26
video7975.mp4	7	11	video1624.mp4	0	4
video8537.mp4	17	21	video3556.mp4	9	13
video7883.mp4	7	11	video6039.mp4	0	4
video8539.mp4	19	23	video6255.mp4	13	17
video7791.mp4	7	11	video5847.mp4	9	13
video7159.mp4	6	10	video3895.mp4	1	5
video7086.mp4	6	10	video2425.mp4	7	11
video8443.mp4	2	6	video665.mp4	1	5
video9375.mp4	24	28	video665.mp4	12	16
video8009.mp4	3	7	video65.mp4	1	5
video9710.mp4	6	10	video65.mp4	1	5
video8757.mp4	3	7	video357.mp4	7	11
video8575.mp4	4	8	video1159.mp4	9	13
video7539.mp4	7	11	video110.mp4	0	4
video7941.mp4	2	6	video2115.mp4	3	7
video8537.mp4	17	21	video2213.mp4	0	4
video7883.mp4	14	18	video6496.mp4	14	18
video9710.mp4	5	9	video5290.mp4	3	7
video9710.mp4	1	5	video1133.mp4	1	5
video9064.mp4	0	4	video6740.mp4	6	10
video9632.mp4	6	10	video2754.mp4	0	4
video8443.mp4	2	6	video5361.mp4	5	9
video7159.mp4	3	7	video3247.mp4	11	15
video7625.mp4	3	7	video6332.mp4	0	4
video9825.mp4	1	5	video6552.mp4	20	24
video9710.mp4	0	4	video2515.mp4	3	7
video8551.mp4	5	9	video2567.mp4	5	9
video9778.mp4	1	5	video963.mp4	3	7
video7118.mp4	4	8	video4238.mp4	7	11
video9298.mp4	0	4	video3424.mp4	6	10
video7014.mp4	6	10	video4060.mp4	5	9
video7449.mp4	9	13	video6039.mp4	0	4
video9825.mp4	9	13	video1830.mp4	5	9
video9294.mp4	2	6	video6484.mp4	0	4
video9623.mp4	1	5	video637.mp4	3	7
video9064.mp4	5	9	video6521.mp4	0	4
video7946.mp4	9	13	video1830.mp4	5	9
video9084.mp4	2	6	video6032.mp4	1	5
video8265.mp4	3	7	video6444.mp4	6	10
video8557.mp4	0	4	video2428.mp4	2	6
video9241.mp4	6	10	video50.mp4	0	4
video7908.mp4	7	11	video6548.mp4	2	6
video7667.mp4	7	11	video1877.mp4	8	12
video9129.mp4	5	9	video6548.mp4	3	7
video7472.mp4	6	10	video4515.mp4	2	6
video9282.mp4	10	14	video2095.mp4	7	11
video8009.mp4	3	7	video3698.mp4	1	5
video7129.mp4	1	5	video4238.mp4	7	11
video9710.mp4	6	10	video3698.mp4	1	5
video8352.mp4	5	9	video3337.mp4	2	6
video9632.mp4	6	10	video2425.mp4	7	11
video8009.mp4	4	8	video3258.mp4	4	8
video9868.mp4	6	10	video2246.mp4	6	10
video7014.mp4	6	10	video65.mp4	5	9
video7449.mp4	9	13	video6255.mp4	21	25
video8394.mp4	0	4	video6150.mp4	6	10
video8586.mp4	0	4	video6039.mp4	5	9
video7014.mp4	2	6	video6355.mp4	7	11
video9632.mp4	5	9	video6387.mp4	8	12
video7524.mp4	6	10	video65.mp4	9	13
